
 GET /api/events 22-09-2024_10:06:19
 GET /api/events 22-09-2024_10:12:26
 GET /api/events 22-09-2024_10:17:46
 GET /api/events 22-09-2024_10:37:10
 GET /api/participants/66eeb89f853a9318968e9ee9 22-09-2024_10:38:53
 GET /api/participants/66eeb89f853a9318968e9ee9 22-09-2024_10:40:35
 GET /api/participants?id=66eeb89f853a9318968e9ee9 22-09-2024_10:42:02
 GET /api/participants?eventId=66eeb89f853a9318968e9ee9 22-09-2024_10:43:09
 GET /api/participants?id=66eeb89f853a9318968e9ee9 22-09-2024_10:44:16
 GET /api/events 22-09-2024_10:44:39
 GET /api/participants?id=66eeb89f853a9318968e9ee9 22-09-2024_10:45:51
 GET /api//events/66eeb89f853a9318968e9ee0/participants 22-09-2024_10:47:49
 GET /api//events/66eeb89f853a9318968e9ee0/participants?id=66eeb89f853a9318968e9ee0 22-09-2024_10:48:02
 GET /api//events/participants?id=66eeb89f853a9318968e9ee0 22-09-2024_10:48:10
 GET /api//events/?id=66eeb89f853a9318968e9ee0/participants 22-09-2024_10:53:41
 GET /api//events/66eeb89f853a9318968e9ee0/participants 22-09-2024_10:55:55
 GET /api/events/66eeb89f853a9318968e9ee0/participants 22-09-2024_10:56:04
 GET /api/events/id=66eeb89f853a9318968e9ee0/participants 22-09-2024_10:56:16
 GET /api/events?id=66eeb89f853a9318968e9ee0/participants 22-09-2024_10:56:33
 GET /api/papticipants?id=66eeb89f853a9318968e9ee0 22-09-2024_10:59:17
 GET /api/papticipants/?id=66eeb89f853a9318968e9ee0 22-09-2024_10:59:27
 GET /api/papticipants/?id=66eeb89f853a9318968e9ee0/ 22-09-2024_11:01:57
 POST /api/papticipants/?id=66eeb89f853a9318968e9ee0 22-09-2024_11:11:37
 POST /api/papticipants/66eeb89f853a9318968e9ee0 22-09-2024_11:11:49
 GET /api/events 22-09-2024_11:51:40
 GET /api/events/ 22-09-2024_11:59:22
 GET /api/events/ 22-09-2024_11:59:32
 GET /api/events/ 22-09-2024_11:59:32
 GET /api/events/ 22-09-2024_12:00:25
 GET /api/events/ 22-09-2024_12:00:53
 GET /api/events/ 22-09-2024_12:01:10
 GET /api/events/ 22-09-2024_12:01:10
 GET /api/papticipants/?id=66eeb89f853a9318968e9ee0 22-09-2024_12:04:24
 GET /api/participants?id=66eeb89f853a9318968e9ee9 22-09-2024_12:04:38
 GET /api/participants/66eeb89f853a9318968e9ee9 22-09-2024_12:04:46
 POST /api/papticipants/66eeb89f853a9318968e9ee0 22-09-2024_12:05:16
 POST /api/participants/66eeb89f853a9318968e9ee9 22-09-2024_12:05:44
 POST /api/participants/66eeb89f853a9318968e9ee9 22-09-2024_12:08:02
 POST /api/participants/66eeb89f853a9318968e9ee9 22-09-2024_12:08:39
 POST /api/participants/66eeb89f853a9318968e9ee9 22-09-2024_12:09:42
 POST /api/participants/66eeb89f853a9318968e9ee9 22-09-2024_12:13:02
 POST /api/participants/66eeb89f853a9318968e9ee9 22-09-2024_12:13:48
 GET /api/participants/66eeb89f853a9318968e9ee9 22-09-2024_12:13:58
 GET /api/events/ 22-09-2024_12:17:52
 GET /api/events/ 22-09-2024_12:22:01
 GET /api/participants/66eeb89f853a9318968e9ee2 22-09-2024_12:22:10
 GET /api/participants/66eeb89f853a9318968e9ee2 22-09-2024_12:22:10
 GET /api/events/ 22-09-2024_12:22:13
 GET /api/events/ 22-09-2024_12:22:13
 GET /api/participants/66eeb89f853a9318968e9ee9 22-09-2024_12:22:16
 GET /api/participants/66eeb89f853a9318968e9ee9 22-09-2024_12:22:16
 GET /api/participants/66eeb89f853a9318968e9ee9 22-09-2024_12:24:03
 GET /api/participants/66eeb89f853a9318968e9ee9 22-09-2024_12:25:46
 GET /api/participants/66eeb89f853a9318968e9ee9 22-09-2024_12:25:47
 GET /api/events/ 22-09-2024_12:25:48
 GET /api/events/ 22-09-2024_12:25:48
 GET /api/participants/66eeb89f853a9318968e9ee5 22-09-2024_12:25:50
 GET /api/participants/66eeb89f853a9318968e9ee5 22-09-2024_12:25:50
 GET /api/events/ 22-09-2024_12:25:52
 GET /api/events/ 22-09-2024_12:25:52
 GET /api/participants/66eeb89f853a9318968e9ee9 22-09-2024_12:25:56
 GET /api/participants/66eeb89f853a9318968e9ee9 22-09-2024_12:25:57
 GET /api/events/ 22-09-2024_12:26:00
 GET /api/events/ 22-09-2024_12:26:00
 GET /api/participants/66eeb89f853a9318968e9ee2 22-09-2024_12:31:18
 GET /api/participants/66eeb89f853a9318968e9ee2 22-09-2024_12:31:19
 GET /api/events/ 22-09-2024_12:31:20
 GET /api/events/ 22-09-2024_12:31:20
 GET /api/participants/66eeb89f853a9318968e9ee9 22-09-2024_12:31:24
 GET /api/participants/66eeb89f853a9318968e9ee9 22-09-2024_12:31:24
 GET /api/events/ 22-09-2024_12:31:26
 GET /api/events/ 22-09-2024_12:31:26
 GET /api/events/ 22-09-2024_12:32:03
 GET /api/events/ 22-09-2024_12:32:03
 GET /api/participants/66eeb89f853a9318968e9ee1 22-09-2024_12:32:05
 GET /api/participants/66eeb89f853a9318968e9ee1 22-09-2024_12:32:05
 GET /api/events/ 22-09-2024_12:32:06
 GET /api/events/ 22-09-2024_12:32:06
 GET /api/events/ 22-09-2024_12:32:10
 GET /api/events/ 22-09-2024_12:32:10
 GET /api/participants/66eeb89f853a9318968e9ee9 22-09-2024_12:32:16
 GET /api/participants/66eeb89f853a9318968e9ee9 22-09-2024_12:32:16
 GET /api/events/ 22-09-2024_12:32:42
 GET /api/events/ 22-09-2024_12:32:42
 GET /api/events/ 22-09-2024_12:39:07
 GET /api/events/ 22-09-2024_12:39:07
 POST /api/participants/[object%20Object] 22-09-2024_12:45:23
 POST /api/participants/66eeb89f853a9318968e9ee2 22-09-2024_12:50:11
 POST /api/participants/66eeb89f853a9318968e9ee2 22-09-2024_12:51:56
 GET /api/events/ 22-09-2024_12:52:28
 GET /api/events/ 22-09-2024_12:52:28
 GET /api/participants/66eeb89f853a9318968e9ee2 22-09-2024_12:52:30
 GET /api/participants/66eeb89f853a9318968e9ee2 22-09-2024_12:52:30
 GET /api/events/ 22-09-2024_12:52:31
 GET /api/events/ 22-09-2024_12:52:31
 POST /api/participants/66eeb89f853a9318968e9ee2 22-09-2024_12:59:19
 GET /api/events/ 22-09-2024_12:59:33
 GET /api/events/ 22-09-2024_12:59:33
 GET /api/participants/66eeb89f853a9318968e9ee2 22-09-2024_12:59:35
 GET /api/participants/66eeb89f853a9318968e9ee2 22-09-2024_12:59:35
 GET /api/events/ 22-09-2024_12:59:38
 GET /api/events/ 22-09-2024_12:59:38